2021-03-23 21:39:47,945 - __main__ - ERROR - assdfdf
2021-03-23 21:39:47,945 - __main__ - ERROR - assdfdf
2021-03-23 21:39:47,945 - __main__ - ERROR - assdfdf
2021-03-23 21:39:47,945 - __main__ - ERROR - assdfdf
2021-03-23 21:39:47,945 - __main__ - ERROR - assdfdf
2021-03-23 21:39:47,945 - __main__ - ERROR - assdfdf
2021-03-23 21:39:47,945 - __main__ - ERROR - assdfdf
2021-03-23 21:39:47,945 - __main__ - ERROR - assdfdf
2021-03-23 21:39:47,945 - __main__ - ERROR - assdfdf
2021-03-23 21:39:47,945 - __main__ - ERROR - assdfdf
2021-03-23 21:39:47,945 - __main__ - ERROR - assdfdf
2021-03-23 21:39:47,945 - __main__ - ERROR - assdfdf
2021-03-23 21:39:47,945 - __main__ - ERROR - assdfdf
2021-03-23 21:39:47,945 - __main__ - ERROR - assdfdf
2021-03-23 21:41:02,006 - __main__ - ERROR - Do something
2021-03-23 21:41:02,006 - __main__ - ERROR - Do something
2021-03-23 21:41:02,006 - __main__ - ERROR - Do something
2021-03-23 21:41:02,006 - __main__ - ERROR - Do something
2021-03-23 21:41:02,006 - __main__ - ERROR - Do something
2021-03-23 21:41:02,006 - __main__ - ERROR - Do something
2021-03-23 21:41:02,006 - __main__ - ERROR - Do something
2021-03-23 21:41:02,006 - __main__ - ERROR - Do something
2021-03-23 21:41:02,006 - __main__ - ERROR - Do something
2021-03-23 21:41:02,006 - __main__ - ERROR - Do something
2021-03-23 21:41:02,006 - __main__ - ERROR - Do something
2021-03-23 21:41:02,006 - __main__ - ERROR - Do something
2021-03-23 21:41:02,006 - __main__ - ERROR - Do something
2021-03-23 21:41:02,006 - __main__ - ERROR - Do something
2021-03-23 21:41:02,006 - __main__ - ERROR - Do something
2021-03-23 21:41:02,006 - __main__ - ERROR - Do something
2021-03-23 21:41:02,006 - __main__ - ERROR - Do something
2021-03-23 21:41:02,006 - __main__ - ERROR - Do something
2021-03-23 21:41:02,006 - __main__ - ERROR - Do something
2021-03-23 21:41:02,006 - __main__ - ERROR - Do something
2021-03-23 21:41:02,006 - __main__ - ERROR - Do something
2021-03-23 21:47:48,516 - __main__ - ERROR - fesf
2021-03-23 21:47:48,516 - __main__ - ERROR - fesf
2021-03-23 21:47:48,516 - __main__ - ERROR - fesf
2021-03-23 21:47:48,516 - __main__ - ERROR - fesf
2021-03-23 21:47:48,516 - __main__ - ERROR - fesf
2021-03-23 21:47:48,516 - __main__ - ERROR - fesf
2021-03-23 21:47:48,516 - __main__ - ERROR - fesf
2021-03-23 21:47:48,516 - __main__ - ERROR - fesf
2021-03-23 21:47:48,516 - __main__ - ERROR - fesf
2021-03-23 21:48:32,986 - __main__ - ERROR - fesf
2021-03-23 21:48:32,986 - __main__ - ERROR - fesf
2021-03-23 21:48:32,986 - __main__ - ERROR - fesf
2021-03-23 21:48:32,986 - __main__ - ERROR - fesf
2021-03-23 21:48:32,986 - __main__ - ERROR - fesf
2021-03-23 21:48:32,986 - __main__ - ERROR - fesf
2021-03-23 21:48:32,986 - __main__ - ERROR - fesf
2021-03-23 21:48:32,986 - __main__ - ERROR - fesf
2021-03-23 21:48:32,986 - __main__ - ERROR - fesf
2021-03-23 21:49:57,607 - __main__ - ERROR - fesf
2021-03-23 21:49:57,607 - __main__ - ERROR - fesf
2021-03-23 21:49:57,607 - __main__ - ERROR - fesf
2021-03-23 21:49:57,607 - __main__ - ERROR - fesf
2021-03-23 21:49:57,607 - __main__ - ERROR - fesf
2021-03-23 21:49:57,607 - __main__ - ERROR - fesf
2021-03-23 21:49:57,607 - __main__ - ERROR - fesf
2021-03-23 21:49:57,607 - __main__ - ERROR - fesf
2021-03-23 21:49:57,607 - __main__ - ERROR - fesf
2021-03-23 21:49:57,711 - __main__ - WARNING - Something maybe fail.
2021-03-23 21:49:57,711 - __main__ - WARNING - Something maybe fail.
2021-03-23 21:49:57,711 - __main__ - WARNING - Something maybe fail.
2021-03-23 21:49:57,711 - __main__ - WARNING - Something maybe fail.
2021-03-23 21:49:57,711 - __main__ - WARNING - Something maybe fail.
2021-03-23 21:49:57,711 - __main__ - WARNING - Something maybe fail.
2021-03-23 21:49:57,711 - __main__ - WARNING - Something maybe fail.
2021-03-23 21:49:57,711 - __main__ - WARNING - Something maybe fail.
2021-03-23 21:49:57,711 - __main__ - WARNING - Something maybe fail.
2021-03-23 21:49:57,798 - __main__ - WARNING - dosomething
2021-03-23 21:49:57,798 - __main__ - WARNING - dosomething
2021-03-23 21:49:57,798 - __main__ - WARNING - dosomething
2021-03-23 21:49:57,798 - __main__ - WARNING - dosomething
2021-03-23 21:49:57,798 - __main__ - WARNING - dosomething
2021-03-23 21:49:57,798 - __main__ - WARNING - dosomething
2021-03-23 21:49:57,798 - __main__ - WARNING - dosomething
2021-03-23 21:49:57,798 - __main__ - WARNING - dosomething
2021-03-23 21:49:57,798 - __main__ - WARNING - dosomething
2021-03-23 22:04:08,314 - __main__ - ERROR - fesf
2021-03-23 22:04:08,370 - __main__ - INFO - Start print log
2021-03-23 22:04:08,484 - __main__ - WARNING - Something maybe fail.
2021-03-23 22:04:08,529 - __main__ - INFO - Finish
2021-03-23 22:04:08,570 - __main__ - WARNING - dosomething
2021-03-23 22:04:29,790 - __main__ - ERROR - fesf
2021-03-23 22:04:29,801 - __main__ - INFO - Start print log
2021-03-23 22:04:29,810 - __main__ - WARNING - Something maybe fail.
2021-03-23 22:04:29,816 - __main__ - INFO - Finish
2021-03-23 22:04:29,834 - __main__ - WARNING - dosomething
2021-03-23 22:05:31,932 - __main__ - INFO - Start print log
2021-03-23 22:05:31,932 - __main__ - INFO - Start print log
2021-03-23 22:05:31,958 - __main__ - WARNING - Something maybe fail.
2021-03-23 22:05:31,958 - __main__ - WARNING - Something maybe fail.
2021-03-23 22:05:31,975 - __main__ - INFO - Finish
2021-03-23 22:05:31,975 - __main__ - INFO - Finish
2021-03-23 22:05:32,020 - __main__ - WARNING - dosomething
2021-03-23 22:05:32,020 - __main__ - WARNING - dosomething
2021-03-23 22:05:32,106 - __main__ - INFO - Start print log
2021-03-23 22:05:32,106 - __main__ - INFO - Start print log
2021-03-23 22:05:32,135 - __main__ - WARNING - Something maybe fail.
2021-03-23 22:05:32,135 - __main__ - WARNING - Something maybe fail.
2021-03-23 22:05:32,153 - __main__ - INFO - Finish
2021-03-23 22:05:32,153 - __main__ - INFO - Finish
2021-03-23 22:05:32,179 - __main__ - WARNING - dosomething
2021-03-23 22:05:32,179 - __main__ - WARNING - dosomething
2021-03-23 22:05:48,561 - __main__ - INFO - Start print log
2021-03-23 22:05:48,582 - __main__ - WARNING - Something maybe fail.
2021-03-23 22:05:48,597 - __main__ - INFO - Finish
2021-03-23 22:05:48,613 - __main__ - WARNING - dosomething
2021-03-23 22:05:48,650 - __main__ - INFO - Start print log
2021-03-23 22:05:48,679 - __main__ - WARNING - Something maybe fail.
2021-03-23 22:05:48,688 - __main__ - INFO - Finish
2021-03-23 22:05:48,700 - __main__ - WARNING - dosomething
